<?xml version="1.0" encoding="UTF-8"?>
<testng-results skipped="0" failed="0" ignored="0" total="1" passed="1">
  <reporter-output>
  </reporter-output>
  <suite name="Default suite" duration-ms="4204" started-at="2020-09-15T18:56:27Z" finished-at="2020-09-15T18:56:31Z">
    <groups>
    </groups>
    <test name="Default test" duration-ms="4204" started-at="2020-09-15T18:56:27Z" finished-at="2020-09-15T18:56:31Z">
      <class name="com.jira.functionaltest.RestProjectJira">
        <test-method status="PASS" signature="onlyCreatTicket()[pri:3, instance:com.jira.functionaltest.RestProjectJira@515aebb0]" name="onlyCreatTicket" duration-ms="4171" started-at="2020-09-15T18:56:27Z" finished-at="2020-09-15T18:56:31Z">
          <reporter-output>
          </reporter-output>
        </test-method> <!-- onlyCreatTicket -->
      </class> <!-- com.jira.functionaltest.RestProjectJira -->
    </test> <!-- Default test -->
  </suite> <!-- Default suite -->
</testng-results>
